<?xml version="1.0" encoding="UTF-8"?>
<!-- Generated by org.testng.reporters.JUnitReportReporter -->
<testsuite skipped="0" hostname="Als-MacBook-Pro.local" name="tests.TestRegister" tests="1" failures="0" timestamp="04 Apr 2018 08:50:29 GMT" time="2.042" errors="0">
  <testcase name="testFirstNameValidDataWithThirtyChar" time="2.042" classname="tests.TestRegister"/>
</testsuite> <!-- tests.TestRegister -->
