<?xml version="1.0" encoding="UTF-8"?>
<!-- Generated by org.testng.reporters.JUnitReportReporter -->
<testsuite skipped="0" hostname="Als-MacBook-Pro.local" name="tests.TestSignin" tests="1" failures="0" timestamp="04 Apr 2018 06:29:51 GMT" time="2.418" errors="0">
  <testcase name="testWithInvalidEmailAndInvalidPassowd" time="2.418" classname="tests.TestSignin"/>
</testsuite> <!-- tests.TestSignin -->
